<?xml version="1.0" encoding="UTF-8"?>
<testng-results skipped="0" failed="0" ignored="0" total="14" passed="14">
  <reporter-output>
  </reporter-output>
  <suite name="Suite" duration-ms="0" started-at="2019-09-13T14:43:19Z" finished-at="2019-09-13T14:43:19Z">
    <groups>
    </groups>
  </suite> <!-- Suite -->
  <suite name="Suite (0)" duration-ms="46528" started-at="2019-09-13T14:42:32Z" finished-at="2019-09-13T14:43:19Z">
    <groups>
    </groups>
    <test name="Test1" duration-ms="15755" started-at="2019-09-13T14:42:32Z" finished-at="2019-09-13T14:42:48Z">
      <class name="com.atmecs.phptravels.testscripts.HomePageTestScript">
        <test-method status="PASS" signature="landingPageValidation()[pri:0, instance:com.atmecs.phptravels.testscripts.HomePageTestScript@2669b199]" name="landingPageValidation" duration-ms="493" started-at="2019-09-13T14:42:32Z" finished-at="2019-09-13T14:42:33Z">
          <reporter-output>
          </reporter-output>
        </test-method> <!-- landingPageValidation -->
        <test-method status="PASS" signature="invalidCheckinDate()[pri:1, instance:com.atmecs.phptravels.testscripts.HomePageTestScript@2669b199]" name="invalidCheckinDate" duration-ms="8188" started-at="2019-09-13T14:42:33Z" finished-at="2019-09-13T14:42:41Z">
          <reporter-output>
          </reporter-output>
        </test-method> <!-- invalidCheckinDate -->
        <test-method status="PASS" signature="cityInputValidation()[pri:2, instance:com.atmecs.phptravels.testscripts.HomePageTestScript@2669b199]" name="cityInputValidation" duration-ms="2857" started-at="2019-09-13T14:42:41Z" finished-at="2019-09-13T14:42:44Z">
          <reporter-output>
          </reporter-output>
        </test-method> <!-- cityInputValidation -->
        <test-method status="PASS" signature="tourSearch(java.lang.String, java.lang.String)[pri:2, instance:com.atmecs.phptravels.testscripts.HomePageTestScript@2669b199]" name="tourSearch" duration-ms="2896" started-at="2019-09-13T14:42:45Z" data-provider="home_page_data" finished-at="2019-09-13T14:42:48Z">
          <params>
            <param index="0">
              <value>
                <![CDATA[india]]>
              </value>
            </param>
            <param index="1">
              <value>
                <![CDATA[27/09/2019]]>
              </value>
            </param>
          </params>
          <reporter-output>
          </reporter-output>
        </test-method> <!-- tourSearch -->
      </class> <!-- com.atmecs.phptravels.testscripts.HomePageTestScript -->
    </test> <!-- Test1 -->
    <test name="Test2" duration-ms="12499" started-at="2019-09-13T14:42:48Z" finished-at="2019-09-13T14:43:01Z">
      <class name="com.atmecs.phptravels.testscripts.BookingOptionTestScript">
        <test-method status="PASS" signature="BookingOption()[pri:3, instance:com.atmecs.phptravels.testscripts.BookingOptionTestScript@6d00a15d]" name="BookingOption" duration-ms="12498" started-at="2019-09-13T14:42:48Z" finished-at="2019-09-13T14:43:01Z">
          <reporter-output>
          </reporter-output>
        </test-method> <!-- BookingOption -->
      </class> <!-- com.atmecs.phptravels.testscripts.BookingOptionTestScript -->
    </test> <!-- Test2 -->
    <test name="Test3" duration-ms="11361" started-at="2019-09-13T14:43:01Z" finished-at="2019-09-13T14:43:12Z">
      <class name="com.atmecs.phptravels.testscripts.BookingSummaryPageTest">
        <test-method status="PASS" signature="personalDetailsInput([Ljava.lang.String;)[pri:4, instance:com.atmecs.phptravels.testscripts.BookingSummaryPageTest@5419f379]" name="personalDetailsInput" duration-ms="3853" started-at="2019-09-13T14:43:01Z" data-provider="personal_details" finished-at="2019-09-13T14:43:05Z">
          <params>
            <param index="0">
              <value>
                <![CDATA[[Ljava.lang.String;@9fecdf1]]>
              </value>
            </param>
          </params>
          <reporter-output>
          </reporter-output>
        </test-method> <!-- personalDetailsInput -->
        <test-method status="PASS" signature="guestInfoInput([Ljava.lang.String;)[pri:5, instance:com.atmecs.phptravels.testscripts.BookingSummaryPageTest@5419f379]" name="guestInfoInput" duration-ms="906" started-at="2019-09-13T14:43:05Z" data-provider="guest_details" finished-at="2019-09-13T14:43:06Z">
          <params>
            <param index="0">
              <value>
                <![CDATA[[Ljava.lang.String;@3773862a]]>
              </value>
            </param>
          </params>
          <reporter-output>
          </reporter-output>
        </test-method> <!-- guestInfoInput -->
        <test-method status="PASS" signature="guestInfoInput([Ljava.lang.String;)[pri:5, instance:com.atmecs.phptravels.testscripts.BookingSummaryPageTest@5419f379]" name="guestInfoInput" duration-ms="842" started-at="2019-09-13T14:43:06Z" data-provider="guest_details" finished-at="2019-09-13T14:43:07Z">
          <params>
            <param index="0">
              <value>
                <![CDATA[[Ljava.lang.String;@2472c7d8]]>
              </value>
            </param>
          </params>
          <reporter-output>
          </reporter-output>
        </test-method> <!-- guestInfoInput -->
        <test-method status="PASS" signature="guestInfoInput([Ljava.lang.String;)[pri:5, instance:com.atmecs.phptravels.testscripts.BookingSummaryPageTest@5419f379]" name="guestInfoInput" duration-ms="738" started-at="2019-09-13T14:43:07Z" data-provider="guest_details" finished-at="2019-09-13T14:43:07Z">
          <params>
            <param index="0">
              <value>
                <![CDATA[[Ljava.lang.String;@589b028e]]>
              </value>
            </param>
          </params>
          <reporter-output>
          </reporter-output>
        </test-method> <!-- guestInfoInput -->
        <test-method status="PASS" signature="guestInfoInput([Ljava.lang.String;)[pri:5, instance:com.atmecs.phptravels.testscripts.BookingSummaryPageTest@5419f379]" name="guestInfoInput" duration-ms="659" started-at="2019-09-13T14:43:07Z" data-provider="guest_details" finished-at="2019-09-13T14:43:08Z">
          <params>
            <param index="0">
              <value>
                <![CDATA[[Ljava.lang.String;@22175d4f]]>
              </value>
            </param>
          </params>
          <reporter-output>
          </reporter-output>
        </test-method> <!-- guestInfoInput -->
        <test-method status="PASS" signature="amountValidateAfterAddingExtra()[pri:6, instance:com.atmecs.phptravels.testscripts.BookingSummaryPageTest@5419f379]" name="amountValidateAfterAddingExtra" duration-ms="83" started-at="2019-09-13T14:43:08Z" finished-at="2019-09-13T14:43:08Z">
          <reporter-output>
          </reporter-output>
        </test-method> <!-- amountValidateAfterAddingExtra -->
        <test-method status="PASS" signature="tourNameValidate()[pri:7, instance:com.atmecs.phptravels.testscripts.BookingSummaryPageTest@5419f379]" name="tourNameValidate" duration-ms="812" started-at="2019-09-13T14:43:08Z" finished-at="2019-09-13T14:43:09Z">
          <reporter-output>
          </reporter-output>
        </test-method> <!-- tourNameValidate -->
        <test-method status="PASS" signature="amountValidateBeforeAddingExtra()[pri:8, instance:com.atmecs.phptravels.testscripts.BookingSummaryPageTest@5419f379]" name="amountValidateBeforeAddingExtra" duration-ms="3260" started-at="2019-09-13T14:43:09Z" finished-at="2019-09-13T14:43:12Z">
          <reporter-output>
          </reporter-output>
        </test-method> <!-- amountValidateBeforeAddingExtra -->
      </class> <!-- com.atmecs.phptravels.testscripts.BookingSummaryPageTest -->
    </test> <!-- Test3 -->
    <test name="Test4" duration-ms="6785" started-at="2019-09-13T14:43:12Z" finished-at="2019-09-13T14:43:19Z">
      <class name="com.atmecs.phptravels.testscripts.InvoicePageTest">
        <test-method status="PASS" signature="intitailizeBrowser()[pri:0, instance:com.atmecs.phptravels.testscripts.InvoicePageTest@2a2d45ba]" name="intitailizeBrowser" is-config="true" duration-ms="15676" started-at="2019-09-13T14:42:17Z" finished-at="2019-09-13T14:42:32Z">
          <reporter-output>
          </reporter-output>
        </test-method> <!-- intitailizeBrowser -->
        <test-method status="PASS" signature="invoicePageValidate()[pri:9, instance:com.atmecs.phptravels.testscripts.InvoicePageTest@2a2d45ba]" name="invoicePageValidate" duration-ms="6785" started-at="2019-09-13T14:43:12Z" finished-at="2019-09-13T14:43:19Z">
          <reporter-output>
          </reporter-output>
        </test-method> <!-- invoicePageValidate -->
      </class> <!-- com.atmecs.phptravels.testscripts.InvoicePageTest -->
    </test> <!-- Test4 -->
  </suite> <!-- Suite (0) -->
</testng-results>
