<?xml version="1.0" encoding="UTF-8"?>
<!-- Generated by org.testng.reporters.JUnitXMLReporter -->
<testsuite hostname="ATMECSINLT-087" ignored="0" name="Default test" tests="4" failures="0" timestamp="13 Sep 2019 14:05:37 GMT" time="15.131" errors="0">
  <testcase name="landingPageValidation" time="0.431" classname="com.atmecs.phptravels.testscripts.HomePageTestScript"/>
  <testcase name="invalidCheckinDate" time="7.917" classname="com.atmecs.phptravels.testscripts.HomePageTestScript"/>
  <testcase name="cityInputValidation" time="2.825" classname="com.atmecs.phptravels.testscripts.HomePageTestScript"/>
  <testcase name="tourSearch" time="2.752" classname="com.atmecs.phptravels.testscripts.HomePageTestScript"/>
</testsuite> <!-- Default test -->
