<?xml version="1.0" encoding="UTF-8"?>
<testng-results skipped="0" failed="0" ignored="0" total="1" passed="1">
  <reporter-output>
  </reporter-output>
  <suite name="Default suite" duration-ms="16520" started-at="2019-09-11T12:10:49Z" finished-at="2019-09-11T12:11:06Z">
    <groups>
    </groups>
    <test name="Default test" duration-ms="16520" started-at="2019-09-11T12:10:49Z" finished-at="2019-09-11T12:11:06Z">
      <class name="com.atmecs.phptravels.testscripts.Testing">
        <test-method status="PASS" signature="intitailizeBrowser()[pri:0, instance:com.atmecs.phptravels.testscripts.Testing@598067a5]" name="intitailizeBrowser" is-config="true" duration-ms="15527" started-at="2019-09-11T12:10:34Z" finished-at="2019-09-11T12:10:49Z">
          <reporter-output>
          </reporter-output>
        </test-method> <!-- intitailizeBrowser -->
        <test-method status="PASS" signature="test()[pri:0, instance:com.atmecs.phptravels.testscripts.Testing@598067a5]" name="test" duration-ms="16480" started-at="2019-09-11T12:10:49Z" finished-at="2019-09-11T12:11:06Z">
          <reporter-output>
          </reporter-output>
        </test-method> <!-- test -->
      </class> <!-- com.atmecs.phptravels.testscripts.Testing -->
    </test> <!-- Default test -->
  </suite> <!-- Default suite -->
</testng-results>
