<?xml version="1.0" encoding="UTF-8"?>
<!-- Generated by org.testng.reporters.JUnitXMLReporter -->
<testsuite hostname="ATMECSINLT-087" ignored="0" name="Test3" tests="8" failures="0" timestamp="13 Sep 2019 18:21:37 GMT" time="12.702" errors="0">
  <testcase name="personalDetailsInput" time="4.596" classname="com.atmecs.phptravels.testscripts.BookingSummaryPageTest"/>
  <testcase name="guestInfoInput" time="0.673" classname="com.atmecs.phptravels.testscripts.BookingSummaryPageTest"/>
  <testcase name="guestInfoInput" time="0.983" classname="com.atmecs.phptravels.testscripts.BookingSummaryPageTest"/>
  <testcase name="guestInfoInput" time="0.788" classname="com.atmecs.phptravels.testscripts.BookingSummaryPageTest"/>
  <testcase name="guestInfoInput" time="0.792" classname="com.atmecs.phptravels.testscripts.BookingSummaryPageTest"/>
  <testcase name="amountValidateAfterAddingExtra" time="0.112" classname="com.atmecs.phptravels.testscripts.BookingSummaryPageTest"/>
  <testcase name="tourNameValidate" time="1.183" classname="com.atmecs.phptravels.testscripts.BookingSummaryPageTest"/>
  <testcase name="amountValidateBeforeAddingExtra" time="3.359" classname="com.atmecs.phptravels.testscripts.BookingSummaryPageTest"/>
</testsuite> <!-- Test3 -->
