<?xml version="1.0" encoding="UTF-8"?>
<!-- Generated by org.testng.reporters.JUnitXMLReporter -->
<testsuite hostname="ATMECSINLT-087" ignored="0" name="Test1" tests="4" failures="0" timestamp="13 Sep 2019 14:42:48 GMT" time="15.755" errors="0">
  <testcase name="landingPageValidation" time="0.493" classname="com.atmecs.phptravels.testscripts.HomePageTestScript"/>
  <testcase name="invalidCheckinDate" time="8.188" classname="com.atmecs.phptravels.testscripts.HomePageTestScript"/>
  <testcase name="cityInputValidation" time="2.857" classname="com.atmecs.phptravels.testscripts.HomePageTestScript"/>
  <testcase name="tourSearch" time="2.896" classname="com.atmecs.phptravels.testscripts.HomePageTestScript"/>
</testsuite> <!-- Test1 -->
