<?xml version="1.0" encoding="UTF-8"?>
<!-- Generated by org.testng.reporters.JUnitXMLReporter -->
<testsuite hostname="ATMECSINLT-087" ignored="0" name="Test3" tests="8" failures="0" timestamp="13 Sep 2019 14:43:12 GMT" time="11.361" errors="0">
  <testcase name="personalDetailsInput" time="3.853" classname="com.atmecs.phptravels.testscripts.BookingSummaryPageTest"/>
  <testcase name="guestInfoInput" time="0.906" classname="com.atmecs.phptravels.testscripts.BookingSummaryPageTest"/>
  <testcase name="guestInfoInput" time="0.842" classname="com.atmecs.phptravels.testscripts.BookingSummaryPageTest"/>
  <testcase name="guestInfoInput" time="0.738" classname="com.atmecs.phptravels.testscripts.BookingSummaryPageTest"/>
  <testcase name="guestInfoInput" time="0.659" classname="com.atmecs.phptravels.testscripts.BookingSummaryPageTest"/>
  <testcase name="amountValidateAfterAddingExtra" time="0.083" classname="com.atmecs.phptravels.testscripts.BookingSummaryPageTest"/>
  <testcase name="tourNameValidate" time="0.812" classname="com.atmecs.phptravels.testscripts.BookingSummaryPageTest"/>
  <testcase name="amountValidateBeforeAddingExtra" time="3.26" classname="com.atmecs.phptravels.testscripts.BookingSummaryPageTest"/>
</testsuite> <!-- Test3 -->
