<?xml version="1.0" encoding="UTF-8"?>
<!-- Generated by org.testng.reporters.JUnitXMLReporter -->
<testsuite hostname="ATMECSINLT-087" ignored="0" name="Test3" tests="8" failures="0" timestamp="13 Sep 2019 18:07:53 GMT" time="12.148" errors="0">
  <testcase name="personalDetailsInput" time="4.452" classname="com.atmecs.phptravels.testscripts.BookingSummaryPageTest"/>
  <testcase name="guestInfoInput" time="0.799" classname="com.atmecs.phptravels.testscripts.BookingSummaryPageTest"/>
  <testcase name="guestInfoInput" time="0.733" classname="com.atmecs.phptravels.testscripts.BookingSummaryPageTest"/>
  <testcase name="guestInfoInput" time="0.713" classname="com.atmecs.phptravels.testscripts.BookingSummaryPageTest"/>
  <testcase name="guestInfoInput" time="0.564" classname="com.atmecs.phptravels.testscripts.BookingSummaryPageTest"/>
  <testcase name="amountValidateAfterAddingExtra" time="0.095" classname="com.atmecs.phptravels.testscripts.BookingSummaryPageTest"/>
  <testcase name="tourNameValidate" time="0.796" classname="com.atmecs.phptravels.testscripts.BookingSummaryPageTest"/>
  <testcase name="amountValidateBeforeAddingExtra" time="3.528" classname="com.atmecs.phptravels.testscripts.BookingSummaryPageTest"/>
</testsuite> <!-- Test3 -->
