<?xml version="1.0" encoding="UTF-8"?>
<!-- Generated by org.testng.reporters.JUnitXMLReporter -->
<testsuite hostname="ATMECSINLT-087" ignored="0" name="Test1" tests="4" failures="0" timestamp="13 Sep 2019 18:07:25 GMT" time="17.817" errors="0">
  <testcase name="landingPageValidation" time="0.219" classname="com.atmecs.phptravels.testscripts.HomePageTestScript"/>
  <testcase name="invalidCheckinDate" time="8.567" classname="com.atmecs.phptravels.testscripts.HomePageTestScript"/>
  <testcase name="cityInputValidation" time="3.928" classname="com.atmecs.phptravels.testscripts.HomePageTestScript"/>
  <testcase name="tourSearch" time="3.616" classname="com.atmecs.phptravels.testscripts.HomePageTestScript"/>
</testsuite> <!-- Test1 -->
